<price>20000</price>